#
# A fatal error has been detected by the Java Runtime Environment:
#
#  Internal Error (javaClasses.cpp:136), pid=9468, tid=11848
#  fatal error: Invalid layout of preloaded class
#
# JRE version:  (7.0_45-b18) (build )
# Java VM: Java HotSpot(TM) Client VM (24.45-b08 mixed mode windows-x86 )
# Failed to write core dump. Minidumps are not enabled by default on client versions of Windows
#
# If you would like to submit a bug report, please visit:
#   http://bugreport.sun.com/bugreport/crash.jsp
#

---------------  T H R E A D  ---------------

Current thread (0x0067cc00):  JavaThread "Unknown thread" [_thread_in_vm, id=11848, stack(0x00710000,0x00760000)]

Stack: [0x00710000,0x00760000],  sp=0x0075f6f0,  free space=317k
Native frames: (J=compiled Java code, j=interpreted, Vv=VM code, C=native code)
V  [jvm.dll+0x18df51]
V  [jvm.dll+0x187cc6]
V  [jvm.dll+0x3586a]
V  [jvm.dll+0x358f6]
V  [jvm.dll+0x4400d]
V  [jvm.dll+0x442be]
V  [jvm.dll+0x9263a]
V  [jvm.dll+0x929eb]
V  [jvm.dll+0x13daf1]
V  [jvm.dll+0x1605fc]
V  [jvm.dll+0xc8ebf]
C  [javaw.exe+0x13ce]
C  [javaw.exe+0x1e40]
C  [javaw.exe+0xa5b1]
C  [javaw.exe+0xa63b]
C  [KERNEL32.DLL+0x1a534]
C  [ntdll.dll+0x48f8b]
C  [ntdll.dll+0x48f61]


---------------  P R O C E S S  ---------------

Java Threads: ( => current thread )

Other Threads:

=>0x0067cc00 (exited) JavaThread "Unknown thread" [_thread_in_vm, id=11848, stack(0x00710000,0x00760000)]

VM state:not at safepoint (not fully initialized)

VM Mutex/Monitor currently owned by a thread: None

GC Heap History (0 events):
No events

Deoptimization events (0 events):
No events

Internal exceptions (0 events):
No events

Events (10 events):
Event: 0.044 loading class 0x01fcb860 done
Event: 0.044 loading class 0x01fcb2f0 done
Event: 0.044 loading class 0x01fcb2d0
Event: 0.044 loading class 0x01fd25f8
Event: 0.092 loading class 0x01fd25f8 done
Event: 0.092 loading class 0x01fd2628
Event: 0.092 loading class 0x01fd2628 done
Event: 0.092 loading class 0x01fd2658
Event: 0.093 loading class 0x01fd2658 done
Event: 0.093 loading class 0x01fcb2d0 done


Dynamic libraries:
0x00090000 - 0x000bf000 	C:\Users\new\AppData\Local\MyEclipse Professional 2014\binary\com.sun.java.jdk7.win32.x86_1.7.0.u45\bin\javaw.exe
0x777d0000 - 0x77938000 	C:\Windows\SYSTEM32\ntdll.dll
0x774c0000 - 0x77600000 	C:\Windows\SYSTEM32\KERNEL32.DLL
0x75cf0000 - 0x75dbf000 	C:\Windows\SYSTEM32\KERNELBASE.dll
0x758a0000 - 0x75917000 	C:\Windows\SYSTEM32\ADVAPI32.dll
0x75e80000 - 0x75fd0000 	C:\Windows\SYSTEM32\USER32.dll
0x74c20000 - 0x74e05000 	C:\Windows\WinSxS\x86_microsoft.windows.common-controls_6595b64144ccf1df_6.0.9600.16384_none_a9f4965301334e09\COMCTL32.dll
0x77600000 - 0x776be000 	C:\Windows\SYSTEM32\msvcrt.dll
0x776c0000 - 0x776fe000 	C:\Windows\SYSTEM32\sechost.dll
0x756b0000 - 0x75761000 	C:\Windows\SYSTEM32\RPCRT4.dll
0x77260000 - 0x77368000 	C:\Windows\SYSTEM32\GDI32.dll
0x75200000 - 0x7521d000 	C:\Windows\SYSTEM32\SspiCli.dll
0x751f0000 - 0x751f9000 	C:\Windows\SYSTEM32\CRYPTBASE.dll
0x75190000 - 0x751e1000 	C:\Windows\SYSTEM32\bcryptPrimitives.dll
0x76080000 - 0x760a5000 	C:\Windows\system32\IMM32.DLL
0x759b0000 - 0x75aa7000 	C:\Windows\SYSTEM32\MSCTF.dll
0x6a120000 - 0x6a1df000 	C:\Users\new\AppData\Local\MyEclipse Professional 2014\binary\com.sun.java.jdk7.win32.x86_1.7.0.u45\jre\bin\msvcr100.dll
0x61450000 - 0x617d0000 	C:\Users\new\AppData\Local\MyEclipse Professional 2014\binary\com.sun.java.jdk7.win32.x86_1.7.0.u45\jre\bin\client\jvm.dll
0x6d420000 - 0x6d428000 	C:\Windows\SYSTEM32\WSOCK32.dll
0x74210000 - 0x74230000 	C:\Windows\SYSTEM32\WINMM.dll
0x76060000 - 0x76066000 	C:\Windows\SYSTEM32\PSAPI.DLL
0x75220000 - 0x7526d000 	C:\Windows\SYSTEM32\WS2_32.dll
0x741f0000 - 0x74210000 	C:\Windows\SYSTEM32\WINMMBASE.dll
0x75780000 - 0x75787000 	C:\Windows\SYSTEM32\NSI.dll
0x75420000 - 0x7545a000 	C:\Windows\SYSTEM32\cfgmgr32.dll
0x741d0000 - 0x741ef000 	C:\Windows\SYSTEM32\DEVOBJ.dll
0x74f40000 - 0x74f4c000 	C:\Users\new\AppData\Local\MyEclipse Professional 2014\binary\com.sun.java.jdk7.win32.x86_1.7.0.u45\jre\bin\verify.dll
0x74ee0000 - 0x74f00000 	C:\Users\new\AppData\Local\MyEclipse Professional 2014\binary\com.sun.java.jdk7.win32.x86_1.7.0.u45\jre\bin\java.dll
0x740d0000 - 0x740e3000 	C:\Users\new\AppData\Local\MyEclipse Professional 2014\binary\com.sun.java.jdk7.win32.x86_1.7.0.u45\jre\bin\zip.dll
0x5b0e0000 - 0x5b228000 	C:\Windows\SYSTEM32\dbghelp.dll

VM Arguments:
jvm_args: -Dfile.encoding=Cp1252 -Xbootclasspath:E:\Engineer\eclipse\android-sdk-windows\platforms\android-19\android.jar 
java_command: com.egima.androidtest.Util
Launcher Type: SUN_STANDARD

Environment Variables:
JAVA_HOME=C:\glassfish3\jdk7
PATH=C:/Users/new/AppData/Local/MyEclipse Professional 2014/binary/com.sun.java.jdk7.win32.x86_1.7.0.u45/jre/bin/client;C:/Users/new/AppData/Local/MyEclipse Professional 2014/binary/com.sun.java.jdk7.win32.x86_1.7.0.u45/jre/bin;C:/Users/new/AppData/Local/MyEclipse Professional 2014/binary/com.sun.java.jdk7.win32.x86_1.7.0.u45/jre/lib/i386;C:\ProgramData\Oracle\Java\javapath;C:\oraclexe\app\oracle\product\11.2.0\server\bin;;C:\Program Files (x86)\Intel\iCLS Client\;C:\Program Files\Intel\iCLS Client\;C:\Windows\system32;C:\Windows;C:\Windows\System32\Wbem;C:\Windows\System32\WindowsPowerShell\v1.0\;C:\Program Files\Intel\Intel(R) Management Engine Components\DAL;C:\Program Files\Intel\Intel(R) Management Engine Components\IPT;C:\Program Files (x86)\Intel\Intel(R) Management Engine Components\DAL;C:\Program Files (x86)\Intel\Intel(R) Management Engine Components\IPT;C:\Program Files\Intel\WiFi\bin\;C:\Program Files\Common Files\Intel\WirelessCommon\;C:\Program Files (x86)\Skype\Phone\;C:\Program Files\MySQL\MySQL Server 5.6\bin;C:\Program Files (x86)\apache-ant-1.9.6\bin;C:\glassfish3\jdk7\bin;E:\Engineer\eclipse\android-sdk-windows\tools;E:\Engineer\eclipse\android-sdk-windows\platform-tools
USERNAME=new
OS=Windows_NT
PROCESSOR_IDENTIFIER=Intel64 Family 6 Model 60 Stepping 3, GenuineIntel



---------------  S Y S T E M  ---------------

OS: Windows 8 , 64 bit Build 9200 

CPU:total 8 (4 cores per cpu, 2 threads per core) family 6 model 60 stepping 3, cmov, cx8, fxsr, mmx, sse, sse2, sse3, ssse3, sse4.1, sse4.2, popcnt, avx, avx2, aes, erms, ht, tsc, tscinvbit

Memory: 4k page, physical 8323180k(3740736k free), swap 9633900k(2733964k free)

vm_info: Java HotSpot(TM) Client VM (24.45-b08) for windows-x86 JRE (1.7.0_45-b18), built on Oct  8 2013 06:02:43 by "java_re" with unknown MS VC++:1600

time: Thu Oct 08 08:56:36 2015
elapsed time: 0 seconds

